生成启动时间为 2020/6/13 21:10:20。
     1>项目“C:\Users\10746\Desktop\ConsoleApplication5\ConsoleApplication5\ConsoleApplication5.vcxproj”在节点 2 上(Rebuild 个目标)。
     1>ClCompile:
         D:\pragrame\vs15\VC\bin\CL.exe /c /Zi /nologo /W3 /WX- /Od /Ob0 /Oy- /GL /D WIN32 /D NDEBUG /D _CONSOLE /D _MBCS /Gm- /MD /GS- /Gy /fp:precise /Zc:wchar_t /Zc:forScope /Zc:inline /Fo"Release\\" /Fd"Release\vc140.pdb" /Gd /TP /analyze- /errorReport:prompt ConsoleApplication5.cpp ShellCode.cpp stdafx.cpp
         ConsoleApplication5.cpp
         ShellCode.cpp
         stdafx.cpp
       Link:
         D:\pragrame\vs15\VC\bin\link.exe /ERRORREPORT:PROMPT /OUT:"C:\Users\10746\Desktop\ConsoleApplication5\Release\ConsoleApplication5.exe" /INCREMENTAL:NO /NOLOGO kernel32.lib user32.lib gdi32.lib winspool.lib comdlg32.lib advapi32.lib shell32.lib ole32.lib oleaut32.lib uuid.lib odbc32.lib odbccp32.lib /MANIFEST /MANIFESTUAC:"level='asInvoker' uiAccess='false'" /manifest:embed /Debug /PDB:"C:\Users\10746\Desktop\ConsoleApplication5\Release\ConsoleApplication5.pdb" /SUBSYSTEM:CONSOLE /OPT:REF /OPT:ICF /LTCG:incremental /TLBID:1 /ENTRY:"Entry" /DYNAMICBASE /NXCOMPAT /IMPLIB:"C:\Users\10746\Desktop\ConsoleApplication5\Release\ConsoleApplication5.lib" /MACHINE:X86 /SAFESEH Release\ConsoleApplication5.obj
         Release\ShellCode.obj
         Release\stdafx.obj
         正在生成代码
     1>c:\users\10746\desktop\consoleapplication5\consoleapplication5\consoleapplication5.cpp(35): warning C4731: “Entry”: 框架指针寄存器“ebp”被内联程序集代码修改
     1>c:\users\10746\desktop\consoleapplication5\consoleapplication5\consoleapplication5.cpp(37): warning C4731: “Entry”: 框架指针寄存器“ebp”被内联程序集代码修改
         All 5 functions were compiled because no usable IPDB/IOBJ from previous compilation was found.
         已完成代码的生成
         ConsoleApplication5.vcxproj -> C:\Users\10746\Desktop\ConsoleApplication5\Release\ConsoleApplication5.exe
     1>已完成生成项目“C:\Users\10746\Desktop\ConsoleApplication5\ConsoleApplication5\ConsoleApplication5.vcxproj”(Rebuild 个目标)的操作。

已成功生成。

已用时间 00:00:01.08
